<?xml version="1.0" encoding="UTF-8"?><testsuite errors="1" failures="0" name="I want to approve a new resquet" skipped="0" tests="1" time="47.77" timestamp="2019-03-04 01:06:21"><testcase name="New approval sgs"><error message="Timed out after 5 seconds. Element not found&#10;For documentation on this error, please visit: https://www.seleniumhq.org/exceptions/no_such_element.html&#10;Build info: version: '3.141.59', revision: 'e82be7d358', time: '2018-11-14T08:17:03'&#10;System info: host: 'QV-2378', ip: '10.136.38.53', os.name: 'Windows 7', os.arch: 'amd64', os.version: '6.1', java.version: '1.8.0_201'&#10;Driver info: driver.version: unknown&#10;For documentation on this error, please visit: https://www.seleniumhq.org/exceptions/no_such_element.html&#10;Build info: version: '3.141.59', revision: 'e82be7d358', time: '2018-11-14T08:17:03'&#10;System info: host: 'QV-2378', ip: '10.136.38.53', os.name: 'Windows 7', os.arch: 'amd64', os.version: '6.1', java.version: '1.8.0_201'&#10;Driver info: driver.version: unknown" type="org.openqa.selenium.NoSuchElementException">Timed out after 5 seconds. Element not found
For documentation on this error, please visit: https://www.seleniumhq.org/exceptions/no_such_element.html
Build info: version: '3.141.59', revision: 'e82be7d358', time: '2018-11-14T08:17:03'
System info: host: 'QV-2378', ip: '10.136.38.53', os.name: 'Windows 7', os.arch: 'amd64', os.version: '6.1', java.version: '1.8.0_201'
Driver info: driver.version: unknown
For documentation on this error, please visit: https://www.seleniumhq.org/exceptions/no_such_element.html
Build info: version: '3.141.59', revision: 'e82be7d358', time: '2018-11-14T08:17:03'
System info: host: 'QV-2378', ip: '10.136.38.53', os.name: 'Windows 7', os.arch: 'amd64', os.version: '6.1', java.version: '1.8.0_201'
Driver info: driver.version: unknown</error><system-err>Timed out after 5 seconds. Element not found
For documentation on this error, please visit: https://www.seleniumhq.org/exceptions/no_such_element.html
Build info: version: '3.141.59', revision: 'e82be7d358', time: '2018-11-14T08:17:03'
System info: host: 'QV-2378', ip: '10.136.38.53', os.name: 'Windows 7', os.arch: 'amd64', os.version: '6.1', java.version: '1.8.0_201'
Driver info: driver.version: unknown
For documentation on this error, please visit: https://www.seleniumhq.org/exceptions/no_such_element.html
Build info: version: '3.141.59', revision: 'e82be7d358', time: '2018-11-14T08:17:03'
System info: host: 'QV-2378', ip: '10.136.38.53', os.name: 'Windows 7', os.arch: 'amd64', os.version: '6.1', java.version: '1.8.0_201'
Driver info: driver.version: unknown&#13;
com.qvision.metlife.pages.NewApprovalResquetMetlifeSgsPages.aproAdministrativa(NewApprovalResquetMetlifeSgsPages.java:47)&#13;
com.qvision.metlife.steps.NewApprovalResquetMetLifeSgsSteps.newApproval(NewApprovalResquetMetLifeSgsSteps.java:12)&#13;
com.qvision.metlife.stepsdefinitions.NewApprovalResquetMetLifeSgsStepsDefinitions.iWantToApproveANewResquetInSGS(NewApprovalResquetMetLifeSgsStepsDefinitions.java:13)&#13;
✽.I want to approve a new resquet in SGS(src/test/resources/com/qvision/metlife/features/NewApprovalSgs.feature:4)&#13;
</system-err></testcase></testsuite>